<component name="libraryTable">
  <library name="JUnit5" type="repository">
    <properties maven-id="org.junit.jupiter:junit-jupiter:5.7.0" />
    <CLASSES />
    <JAVADOC />
    <SOURCES />
  </library>
</component>